Mon, 21 Sep 2020 19:04:09 -  - - - - pickleShow.py DATA LOGGING STARTED - - - - 
Mon, 21 Sep 2020 19:10:44 - * * * CTRL-C caught. * * * 
Mon, 21 Sep 2020 19:10:44 - Shutting down gracefully
Mon, 21 Sep 2020 19:10:44 - That's all folks.  Goodbye
Mon, 21 Sep 2020 19:10:44 -  - - - - pickleShow.py DATA LOGGING STOPPED INTENTIONALLY - - - - 
Mon, 21 Sep 2020 19:55:01 -  - - - - pickleShow.py DATA LOGGING STARTED - - - - 
Mon, 21 Sep 2020 20:09:09 - * * * CTRL-C caught. * * * 
Mon, 21 Sep 2020 20:09:09 - Shutting down gracefully
Mon, 21 Sep 2020 20:09:09 - That's all folks.  Goodbye
Mon, 21 Sep 2020 20:09:09 -  - - - - pickleShow.py DATA LOGGING STOPPED INTENTIONALLY - - - - 
Tue, 22 Sep 2020 18:40:44 -  - - - - pickleShow.py DATA LOGGING STARTED - - - - 
Tue, 22 Sep 2020 19:32:26 - * * * CTRL-C caught. * * * 
Tue, 22 Sep 2020 19:32:26 - Shutting down gracefully
Tue, 22 Sep 2020 19:32:26 - That's all folks.  Goodbye
Tue, 22 Sep 2020 19:32:26 -  - - - - pickleShow.py DATA LOGGING STOPPED INTENTIONALLY - - - - 
Tue, 22 Sep 2020 19:32:28 -  - - - - pickleShow.py DATA LOGGING STARTED - - - - 
Tue, 22 Sep 2020 20:34:39 - Shutting down gracefully
Wed, 23 Sep 2020 17:07:37 -  - - - - pickleShow.py DATA LOGGING STARTED - - - - 
Wed, 23 Sep 2020 21:08:19 - * * * CTRL-C caught. * * * 
Wed, 23 Sep 2020 21:08:19 - Shutting down gracefully
Wed, 23 Sep 2020 21:08:19 - That's all folks.  Goodbye
Wed, 23 Sep 2020 21:08:19 -  - - - - pickleShow.py DATA LOGGING STOPPED INTENTIONALLY - - - - 
Sun, 14 Mar 2021 15:38:59 -  - - - - pickleShow.py DATA LOGGING STARTED - - - - 
Sun, 14 Mar 2021 15:45:26 - * * * CTRL-C caught. * * * 
Sun, 14 Mar 2021 15:45:26 - Shutting down gracefully
Sun, 14 Mar 2021 15:45:26 - That's all folks.  Goodbye
Sun, 14 Mar 2021 15:45:26 -  - - - - pickleShow.py DATA LOGGING STOPPED INTENTIONALLY - - - - 
Sun, 14 Mar 2021 16:09:45 -  - - - - pickleShow.py DATA LOGGING STARTED - - - - 
Sun, 14 Mar 2021 16:17:43 - * * * CTRL-C caught. * * * 
Sun, 14 Mar 2021 16:17:43 - Shutting down gracefully
Sun, 14 Mar 2021 16:17:43 - That's all folks.  Goodbye
Sun, 14 Mar 2021 16:17:43 -  - - - - pickleShow.py DATA LOGGING STOPPED INTENTIONALLY - - - - 
Thu, 02 Sep 2021 13:28:27 -  - - - - pickleShow.py DATA LOGGING STARTED - - - - 
Thu, 02 Sep 2021 13:28:42 - * * * CTRL-C caught. * * * 
Thu, 02 Sep 2021 13:28:42 - Shutting down gracefully
Thu, 02 Sep 2021 13:28:42 - That's all folks.  Goodbye
Thu, 02 Sep 2021 13:28:42 -  - - - - pickleShow.py DATA LOGGING STOPPED INTENTIONALLY - - - - 
Sun, 13 Mar 2022 13:14:51 -  - - - - pickleShow.py DATA LOGGING STARTED - - - - 
Sun, 13 Mar 2022 13:14:51 - 1 of 20 files in /home/greg/ohd are .pkl files.
Sun, 13 Mar 2022 13:14:55 - Spilled the guts of: ohdSBPStatus.pkl
Sun, 13 Mar 2022 13:14:55 -  - - - End of session - - - 
Sun, 13 Mar 2022 13:15:03 -  - - - - pickleShow.py DATA LOGGING STARTED - - - - 
Sun, 13 Mar 2022 13:15:03 - 1 of 20 files in /home/greg/ohd are .pkl files.
Sun, 13 Mar 2022 13:15:06 -  - - - End of session - - - 
